  Application.cpp
C:\Users\rogue\Documents\Poly\Year 1 S2\DM2197 Studio Project 2\SP2_Grp12_Framework\SP2_Framework\SP2\Application\Source\Application.cpp(15,10): fatal error C1083: Cannot open include file: 'SceneYX.h': No such file or directory
  Assignment2.cpp
C:\Users\rogue\Documents\Poly\Year 1 S2\DM2197 Studio Project 2\SP2_Grp12_Framework\SP2_Framework\SP2\Application\Source\Assignment2.cpp(49,21): warning C4552: '-': result of expression not used
C:\Users\rogue\Documents\Poly\Year 1 S2\DM2197 Studio Project 2\SP2_Grp12_Framework\SP2_Framework\SP2\Application\Source\Assignment2.cpp(741,20): warning C4244: '+=': conversion from 'double' to 'float', possible loss of data
C:\Users\rogue\Documents\Poly\Year 1 S2\DM2197 Studio Project 2\SP2_Grp12_Framework\SP2_Framework\SP2\Application\Source\Assignment2.cpp(758,25): warning C4244: '+=': conversion from 'double' to 'float', possible loss of data
C:\Users\rogue\Documents\Poly\Year 1 S2\DM2197 Studio Project 2\SP2_Grp12_Framework\SP2_Framework\SP2\Application\Source\Assignment2.cpp(761,26): warning C4244: '+=': conversion from 'double' to 'float', possible loss of data
C:\Users\rogue\Documents\Poly\Year 1 S2\DM2197 Studio Project 2\SP2_Grp12_Framework\SP2_Framework\SP2\Application\Source\Assignment2.cpp(767,26): warning C4244: '-=': conversion from 'double' to 'float', possible loss of data
C:\Users\rogue\Documents\Poly\Year 1 S2\DM2197 Studio Project 2\SP2_Grp12_Framework\SP2_Framework\SP2\Application\Source\Assignment2.cpp(806,26): warning C4244: '+=': conversion from 'double' to 'float', possible loss of data
C:\Users\rogue\Documents\Poly\Year 1 S2\DM2197 Studio Project 2\SP2_Grp12_Framework\SP2_Framework\SP2\Application\Source\Assignment2.cpp(822,26): warning C4244: '+=': conversion from 'double' to 'float', possible loss of data
C:\Users\rogue\Documents\Poly\Year 1 S2\DM2197 Studio Project 2\SP2_Grp12_Framework\SP2_Framework\SP2\Application\Source\Assignment2.cpp(864,26): warning C4244: '-=': conversion from 'double' to 'float', possible loss of data
C:\Users\rogue\Documents\Poly\Year 1 S2\DM2197 Studio Project 2\SP2_Grp12_Framework\SP2_Framework\SP2\Application\Source\Assignment2.cpp(1016,30): warning C4244: '-=': conversion from 'double' to 'float', possible loss of data
C:\Users\rogue\Documents\Poly\Year 1 S2\DM2197 Studio Project 2\SP2_Grp12_Framework\SP2_Framework\SP2\Application\Source\Assignment2.cpp(1017,21): warning C4244: '+=': conversion from 'double' to 'float', possible loss of data
C:\Users\rogue\Documents\Poly\Year 1 S2\DM2197 Studio Project 2\SP2_Grp12_Framework\SP2_Framework\SP2\Application\Source\Assignment2.cpp(2572,39): warning C4244: 'argument': conversion from 'double' to 'float', possible loss of data
C:\Users\rogue\Documents\Poly\Year 1 S2\DM2197 Studio Project 2\SP2_Grp12_Framework\SP2_Framework\SP2\Application\Source\Assignment2.cpp(3101,26): warning C4244: 'argument': conversion from 'int' to 'float', possible loss of data
C:\Users\rogue\Documents\Poly\Year 1 S2\DM2197 Studio Project 2\SP2_Grp12_Framework\SP2_Framework\SP2\Application\Source\Assignment2.cpp(3101,23): warning C4244: 'argument': conversion from 'int' to 'float', possible loss of data
C:\Users\rogue\Documents\Poly\Year 1 S2\DM2197 Studio Project 2\SP2_Grp12_Framework\SP2_Framework\SP2\Application\Source\Assignment2.cpp(3102,26): warning C4244: 'argument': conversion from 'int' to 'float', possible loss of data
C:\Users\rogue\Documents\Poly\Year 1 S2\DM2197 Studio Project 2\SP2_Grp12_Framework\SP2_Framework\SP2\Application\Source\Assignment2.cpp(3102,19): warning C4244: 'argument': conversion from 'int' to 'float', possible loss of data
  CameraYX.cpp
c1xx : fatal error C1083: Cannot open source file: 'Source\CameraYX.cpp': No such file or directory
  SceneYX.cpp
C:\Users\rogue\Documents\Poly\Year 1 S2\DM2197 Studio Project 2\SP2_Grp12_Framework\SP2_Framework\SP2\Application\Source\SceneYX.cpp(6,10): fatal error C1083: Cannot open include file: 'SceneYX.h': No such file or directory
